This file contains any messages produced by compilers while
running configure, to aid debugging if configure makes a mistake.

It was created by wayland configure 1.8.1, which was
generated by GNU Autoconf 2.69.  Invocation command line was

  $ ./configure --prefix=/home/zw/work/ubuntu/local --disable-documentation

## --------- ##
## Platform. ##
## --------- ##

hostname = zw-OptiPlex-3020
uname -m = x86_64
uname -r = 3.13.0-100-generic
uname -s = Linux
uname -v = #147-Ubuntu SMP Tue Oct 18 16:48:51 UTC 2016

/usr/bin/uname -p = unknown
/bin/uname -X     = unknown

/bin/arch              = unknown
/usr/bin/arch -k       = unknown
/usr/convex/getsysinfo = unknown
/usr/bin/hostinfo      = unknown
/bin/machine           = unknown
/usr/bin/oslevel       = unknown
/bin/universe          = unknown

PATH: /home/zw/work/bin
PATH: /home/zw/bin
PATH: /home/zw/work/bin
PATH: /usr/local/sbin
PATH: /usr/local/bin
PATH: /usr/sbin
PATH: /usr/bin
PATH: /sbin
PATH: /bin
PATH: /usr/games
PATH: /usr/local/games
PATH: /usr/lib/jvm/java-7-openjdk-amd64/bin
PATH: /usr/lib/jvm/java-7-openjdk-amd64/jre/bin


## ----------- ##
## Core tests. ##
## ----------- ##

configure:2559: checking for a BSD-compatible install
configure:2627: result: /usr/bin/install -c
configure:2638: checking whether build environment is sane
configure:2693: result: yes
configure:2844: checking for a thread-safe mkdir -p
configure:2883: result: /bin/mkdir -p
configure:2890: checking for gawk
configure:2906: found /usr/bin/gawk
configure:2917: result: gawk
configure:2928: checking whether make sets $(MAKE)
configure:2950: result: yes
configure:2979: checking whether make supports nested variables
configure:2996: result: yes
configure:3133: checking whether make supports nested variables
configure:3150: result: yes
configure:3211: checking for gcc
configure:3227: found /usr/bin/gcc
configure:3238: result: gcc
configure:3467: checking for C compiler version
configure:3476: gcc --version >&5
gcc (Ubuntu 4.8.4-2ubuntu1~14.04.3) 4.8.4
Copyright (C) 2013 Free Software Foundation, Inc.
This is free software; see the source for copying conditions.  There is NO
warranty; not even for MERCHANTABILITY or FITNESS FOR A PARTICULAR PURPOSE.

configure:3487: $? = 0
configure:3476: gcc -v >&5
Using built-in specs.
COLLECT_GCC=gcc
COLLECT_LTO_WRAPPER=/usr/lib/gcc/x86_64-linux-gnu/4.8/lto-wrapper
Target: x86_64-linux-gnu
Configured with: ../src/configure -v --with-pkgversion='Ubuntu 4.8.4-2ubuntu1~14.04.3' --with-bugurl=file:///usr/share/doc/gcc-4.8/README.Bugs --enable-languages=c,c++,java,go,d,fortran,objc,obj-c++ --prefix=/usr --program-suffix=-4.8 --enable-shared --enable-linker-build-id --libexecdir=/usr/lib --without-included-gettext --enable-threads=posix --with-gxx-include-dir=/usr/include/c++/4.8 --libdir=/usr/lib --enable-nls --with-sysroot=/ --enable-clocale=gnu --enable-libstdcxx-debug --enable-libstdcxx-time=yes --enable-gnu-unique-object --disable-libmudflap --enable-plugin --with-system-zlib --disable-browser-plugin --enable-java-awt=gtk --enable-gtk-cairo --with-java-home=/usr/lib/jvm/java-1.5.0-gcj-4.8-amd64/jre --enable-java-home --with-jvm-root-dir=/usr/lib/jvm/java-1.5.0-gcj-4.8-amd64 --with-jvm-jar-dir=/usr/lib/jvm-exports/java-1.5.0-gcj-4.8-amd64 --with-arch-directory=amd64 --with-ecj-jar=/usr/share/java/eclipse-ecj.jar --enable-objc-gc --enable-multiarch --disable-werror --with-arch-32=i686 --with-abi=m64 --with-multilib-list=m32,m64,mx32 --with-tune=generic --enable-checking=release --build=x86_64-linux-gnu --host=x86_64-linux-gnu --target=x86_64-linux-gnu
Thread model: posix
gcc version 4.8.4 (Ubuntu 4.8.4-2ubuntu1~14.04.3) 
configure:3487: $? = 0
configure:3476: gcc -V >&5
gcc: error: unrecognized command line option '-V'
gcc: fatal error: no input files
compilation terminated.
configure:3487: $? = 4
configure:3476: gcc -qversion >&5
gcc: error: unrecognized command line option '-qversion'
gcc: fatal error: no input files
compilation terminated.
configure:3487: $? = 4
configure:3507: checking whether the C compiler works
configure:3529: gcc    conftest.c  >&5
configure:3533: $? = 0
configure:3581: result: yes
configure:3584: checking for C compiler default output file name
configure:3586: result: a.out
configure:3592: checking for suffix of executables
configure:3599: gcc -o conftest    conftest.c  >&5
configure:3603: $? = 0
configure:3625: result: 
configure:3647: checking whether we are cross compiling
configure:3655: gcc -o conftest    conftest.c  >&5
configure:3659: $? = 0
configure:3666: ./conftest
configure:3670: $? = 0
configure:3685: result: no
configure:3690: checking for suffix of object files
configure:3712: gcc -c   conftest.c >&5
configure:3716: $? = 0
configure:3737: result: o
configure:3741: checking whether we are using the GNU C compiler
configure:3760: gcc -c   conftest.c >&5
configure:3760: $? = 0
configure:3769: result: yes
configure:3778: checking whether gcc accepts -g
configure:3798: gcc -c -g  conftest.c >&5
configure:3798: $? = 0
configure:3839: result: yes
configure:3856: checking for gcc option to accept ISO C89
configure:3919: gcc  -c -g -O2  conftest.c >&5
configure:3919: $? = 0
configure:3932: result: none needed
configure:3957: checking whether gcc understands -c and -o together
configure:3979: gcc -c conftest.c -o conftest2.o
configure:3982: $? = 0
configure:3979: gcc -c conftest.c -o conftest2.o
configure:3982: $? = 0
configure:3994: result: yes
configure:4022: checking for style of include used by make
configure:4050: result: GNU
configure:4076: checking dependency style of gcc
configure:4187: result: gcc3
configure:4260: checking for g++
configure:4276: found /usr/bin/g++
configure:4287: result: g++
configure:4314: checking for C++ compiler version
configure:4323: g++ --version >&5
g++ (Ubuntu 4.8.4-2ubuntu1~14.04.3) 4.8.4
Copyright (C) 2013 Free Software Foundation, Inc.
This is free software; see the source for copying conditions.  There is NO
warranty; not even for MERCHANTABILITY or FITNESS FOR A PARTICULAR PURPOSE.

configure:4334: $? = 0
configure:4323: g++ -v >&5
Using built-in specs.
COLLECT_GCC=g++
COLLECT_LTO_WRAPPER=/usr/lib/gcc/x86_64-linux-gnu/4.8/lto-wrapper
Target: x86_64-linux-gnu
Configured with: ../src/configure -v --with-pkgversion='Ubuntu 4.8.4-2ubuntu1~14.04.3' --with-bugurl=file:///usr/share/doc/gcc-4.8/README.Bugs --enable-languages=c,c++,java,go,d,fortran,objc,obj-c++ --prefix=/usr --program-suffix=-4.8 --enable-shared --enable-linker-build-id --libexecdir=/usr/lib --without-included-gettext --enable-threads=posix --with-gxx-include-dir=/usr/include/c++/4.8 --libdir=/usr/lib --enable-nls --with-sysroot=/ --enable-clocale=gnu --enable-libstdcxx-debug --enable-libstdcxx-time=yes --enable-gnu-unique-object --disable-libmudflap --enable-plugin --with-system-zlib --disable-browser-plugin --enable-java-awt=gtk --enable-gtk-cairo --with-java-home=/usr/lib/jvm/java-1.5.0-gcj-4.8-amd64/jre --enable-java-home --with-jvm-root-dir=/usr/lib/jvm/java-1.5.0-gcj-4.8-amd64 --with-jvm-jar-dir=/usr/lib/jvm-exports/java-1.5.0-gcj-4.8-amd64 --with-arch-directory=amd64 --with-ecj-jar=/usr/share/java/eclipse-ecj.jar --enable-objc-gc --enable-multiarch --disable-werror --with-arch-32=i686 --with-abi=m64 --with-multilib-list=m32,m64,mx32 --with-tune=generic --enable-checking=release --build=x86_64-linux-gnu --host=x86_64-linux-gnu --target=x86_64-linux-gnu
Thread model: posix
gcc version 4.8.4 (Ubuntu 4.8.4-2ubuntu1~14.04.3) 
configure:4334: $? = 0
configure:4323: g++ -V >&5
g++: error: unrecognized command line option '-V'
g++: fatal error: no input files
compilation terminated.
configure:4334: $? = 4
configure:4323: g++ -qversion >&5
g++: error: unrecognized command line option '-qversion'
g++: fatal error: no input files
compilation terminated.
configure:4334: $? = 4
configure:4338: checking whether we are using the GNU C++ compiler
configure:4357: g++ -c   conftest.cpp >&5
configure:4357: $? = 0
configure:4366: result: yes
configure:4375: checking whether g++ accepts -g
configure:4395: g++ -c -g  conftest.cpp >&5
configure:4395: $? = 0
configure:4436: result: yes
configure:4461: checking dependency style of g++
configure:4572: result: gcc3
configure:4587: checking for grep that handles long lines and -e
configure:4645: result: /bin/grep
configure:4700: checking build system type
configure:4714: result: x86_64-unknown-linux-gnu
configure:4734: checking host system type
configure:4747: result: x86_64-unknown-linux-gnu
configure:4788: checking how to print strings
configure:4815: result: printf
configure:4836: checking for a sed that does not truncate output
configure:4900: result: /bin/sed
configure:4918: checking for egrep
configure:4980: result: /bin/grep -E
configure:4985: checking for fgrep
configure:5047: result: /bin/grep -F
configure:5082: checking for ld used by gcc
configure:5149: result: /usr/bin/ld
configure:5156: checking if the linker (/usr/bin/ld) is GNU ld
configure:5171: result: yes
configure:5183: checking for BSD- or MS-compatible name lister (nm)
configure:5232: result: /usr/bin/nm -B
configure:5362: checking the name lister (/usr/bin/nm -B) interface
configure:5369: gcc -c -g -O2  conftest.c >&5
configure:5372: /usr/bin/nm -B "conftest.o"
configure:5375: output
0000000000000000 B some_variable
configure:5382: result: BSD nm
configure:5385: checking whether ln -s works
configure:5389: result: yes
configure:5397: checking the maximum length of command line arguments
configure:5528: result: 1572864
configure:5545: checking whether the shell understands some XSI constructs
configure:5555: result: yes
configure:5559: checking whether the shell understands "+="
configure:5565: result: yes
configure:5600: checking how to convert x86_64-unknown-linux-gnu file names to x86_64-unknown-linux-gnu format
configure:5640: result: func_convert_file_noop
configure:5647: checking how to convert x86_64-unknown-linux-gnu file names to toolchain format
configure:5667: result: func_convert_file_noop
configure:5674: checking for /usr/bin/ld option to reload object files
configure:5681: result: -r
configure:5755: checking for objdump
configure:5771: found /usr/bin/objdump
configure:5782: result: objdump
configure:5814: checking how to recognize dependent libraries
configure:6012: result: pass_all
configure:6097: checking for dlltool
configure:6127: result: no
configure:6157: checking how to associate runtime and link libraries
configure:6184: result: printf %s\n
configure:6245: checking for ar
configure:6261: found /usr/bin/ar
configure:6272: result: ar
configure:6309: checking for archiver @FILE support
configure:6326: gcc -c -g -O2  conftest.c >&5
configure:6326: $? = 0
configure:6329: ar cru libconftest.a @conftest.lst >&5
configure:6332: $? = 0
configure:6337: ar cru libconftest.a @conftest.lst >&5
ar: conftest.o: No such file or directory
configure:6340: $? = 1
configure:6352: result: @
configure:6410: checking for strip
configure:6426: found /usr/bin/strip
configure:6437: result: strip
configure:6509: checking for ranlib
configure:6525: found /usr/bin/ranlib
configure:6536: result: ranlib
configure:6638: checking command to parse /usr/bin/nm -B output from gcc object
configure:6758: gcc -c -g -O2  conftest.c >&5
configure:6761: $? = 0
configure:6765: /usr/bin/nm -B conftest.o \| sed -n -e 's/^.*[ ]\([ABCDGIRSTW][ABCDGIRSTW]*\)[ ][ ]*\([_A-Za-z][_A-Za-z0-9]*\)$/\1 \2 \2/p' | sed '/ __gnu_lto/d' \> conftest.nm
configure:6768: $? = 0
configure:6834: gcc -o conftest -g -O2   conftest.c conftstm.o >&5
configure:6837: $? = 0
configure:6875: result: ok
configure:6912: checking for sysroot
configure:6942: result: no
configure:7019: gcc -c -g -O2  conftest.c >&5
configure:7022: $? = 0
configure:7211: checking for mt
configure:7227: found /bin/mt
configure:7238: result: mt
configure:7261: checking if mt is a manifest tool
configure:7267: mt '-?'
configure:7275: result: no
configure:7917: checking how to run the C preprocessor
configure:7948: gcc -E  conftest.c
configure:7948: $? = 0
configure:7962: gcc -E  conftest.c
conftest.c:11:28: fatal error: ac_nonexistent.h: No such file or directory
 #include <ac_nonexistent.h>
                            ^
compilation terminated.
configure:7962: $? = 1
configure: failed program was:
| /* confdefs.h */
| #define PACKAGE_NAME "wayland"
| #define PACKAGE_TARNAME "wayland"
| #define PACKAGE_VERSION "1.8.1"
| #define PACKAGE_STRING "wayland 1.8.1"
| #define PACKAGE_BUGREPORT "https://bugs.freedesktop.org/enter_bug.cgi?product=Wayland&component=wayland&version=1.8.1"
| #define PACKAGE_URL "http://wayland.freedesktop.org/"
| #define PACKAGE "wayland"
| #define VERSION "1.8.1"
| /* end confdefs.h.  */
| #include <ac_nonexistent.h>
configure:7987: result: gcc -E
configure:8007: gcc -E  conftest.c
configure:8007: $? = 0
configure:8021: gcc -E  conftest.c
conftest.c:11:28: fatal error: ac_nonexistent.h: No such file or directory
 #include <ac_nonexistent.h>
                            ^
compilation terminated.
configure:8021: $? = 1
configure: failed program was:
| /* confdefs.h */
| #define PACKAGE_NAME "wayland"
| #define PACKAGE_TARNAME "wayland"
| #define PACKAGE_VERSION "1.8.1"
| #define PACKAGE_STRING "wayland 1.8.1"
| #define PACKAGE_BUGREPORT "https://bugs.freedesktop.org/enter_bug.cgi?product=Wayland&component=wayland&version=1.8.1"
| #define PACKAGE_URL "http://wayland.freedesktop.org/"
| #define PACKAGE "wayland"
| #define VERSION "1.8.1"
| /* end confdefs.h.  */
| #include <ac_nonexistent.h>
configure:8050: checking for ANSI C header files
configure:8070: gcc -c -g -O2  conftest.c >&5
configure:8070: $? = 0
configure:8143: gcc -o conftest -g -O2   conftest.c  >&5
configure:8143: $? = 0
configure:8143: ./conftest
configure:8143: $? = 0
configure:8154: result: yes
configure:8167: checking for sys/types.h
configure:8167: gcc -c -g -O2  conftest.c >&5
configure:8167: $? = 0
configure:8167: result: yes
configure:8167: checking for sys/stat.h
configure:8167: gcc -c -g -O2  conftest.c >&5
configure:8167: $? = 0
configure:8167: result: yes
configure:8167: checking for stdlib.h
configure:8167: gcc -c -g -O2  conftest.c >&5
configure:8167: $? = 0
configure:8167: result: yes
configure:8167: checking for string.h
configure:8167: gcc -c -g -O2  conftest.c >&5
configure:8167: $? = 0
configure:8167: result: yes
configure:8167: checking for memory.h
configure:8167: gcc -c -g -O2  conftest.c >&5
configure:8167: $? = 0
configure:8167: result: yes
configure:8167: checking for strings.h
configure:8167: gcc -c -g -O2  conftest.c >&5
configure:8167: $? = 0
configure:8167: result: yes
configure:8167: checking for inttypes.h
configure:8167: gcc -c -g -O2  conftest.c >&5
configure:8167: $? = 0
configure:8167: result: yes
configure:8167: checking for stdint.h
configure:8167: gcc -c -g -O2  conftest.c >&5
configure:8167: $? = 0
configure:8167: result: yes
configure:8167: checking for unistd.h
configure:8167: gcc -c -g -O2  conftest.c >&5
configure:8167: $? = 0
configure:8167: result: yes
configure:8181: checking for dlfcn.h
configure:8181: gcc -c -g -O2  conftest.c >&5
configure:8181: $? = 0
configure:8181: result: yes
configure:8398: checking for objdir
configure:8413: result: .libs
configure:8684: checking if gcc supports -fno-rtti -fno-exceptions
configure:8702: gcc -c -g -O2  -fno-rtti -fno-exceptions conftest.c >&5
cc1: warning: command line option '-fno-rtti' is valid for C++/ObjC++ but not for C [enabled by default]
configure:8706: $? = 0
configure:8719: result: no
configure:9046: checking for gcc option to produce PIC
configure:9053: result: -fPIC -DPIC
configure:9061: checking if gcc PIC flag -fPIC -DPIC works
configure:9079: gcc -c -g -O2  -fPIC -DPIC -DPIC conftest.c >&5
configure:9083: $? = 0
configure:9096: result: yes
configure:9125: checking if gcc static flag -static works
configure:9153: result: yes
configure:9168: checking if gcc supports -c -o file.o
configure:9189: gcc -c -g -O2  -o out/conftest2.o conftest.c >&5
configure:9193: $? = 0
configure:9215: result: yes
configure:9223: checking if gcc supports -c -o file.o
configure:9270: result: yes
configure:9303: checking whether the gcc linker (/usr/bin/ld -m elf_x86_64) supports shared libraries
configure:10460: result: yes
configure:10497: checking whether -lc should be explicitly linked in
configure:10505: gcc -c -g -O2  conftest.c >&5
configure:10508: $? = 0
configure:10523: gcc -shared  -fPIC -DPIC conftest.o  -v -Wl,-soname -Wl,conftest -o conftest 2\>\&1 \| /bin/grep  -lc  \>/dev/null 2\>\&1
configure:10526: $? = 0
configure:10540: result: no
configure:10700: checking dynamic linker characteristics
configure:11200: gcc -o conftest -g -O2   -Wl,-rpath -Wl,/foo conftest.c  >&5
configure:11200: $? = 0
configure:11434: result: GNU/Linux ld.so
configure:11541: checking how to hardcode library paths into programs
configure:11566: result: immediate
configure:12106: checking whether stripping libraries is possible
configure:12111: result: yes
configure:12146: checking if libtool supports shared libraries
configure:12148: result: yes
configure:12151: checking whether to build shared libraries
configure:12172: result: yes
configure:12175: checking whether to build static libraries
configure:12179: result: yes
configure:12202: checking how to run the C++ preprocessor
configure:12229: g++ -E  conftest.cpp
configure:12229: $? = 0
configure:12243: g++ -E  conftest.cpp
conftest.cpp:23:28: fatal error: ac_nonexistent.h: No such file or directory
 #include <ac_nonexistent.h>
                            ^
compilation terminated.
configure:12243: $? = 1
configure: failed program was:
| /* confdefs.h */
| #define PACKAGE_NAME "wayland"
| #define PACKAGE_TARNAME "wayland"
| #define PACKAGE_VERSION "1.8.1"
| #define PACKAGE_STRING "wayland 1.8.1"
| #define PACKAGE_BUGREPORT "https://bugs.freedesktop.org/enter_bug.cgi?product=Wayland&component=wayland&version=1.8.1"
| #define PACKAGE_URL "http://wayland.freedesktop.org/"
| #define PACKAGE "wayland"
| #define VERSION "1.8.1"
| #define STDC_HEADERS 1
| #define HAVE_SYS_TYPES_H 1
| #define HAVE_SYS_STAT_H 1
| #define HAVE_STDLIB_H 1
| #define HAVE_STRING_H 1
| #define HAVE_MEMORY_H 1
| #define HAVE_STRINGS_H 1
| #define HAVE_INTTYPES_H 1
| #define HAVE_STDINT_H 1
| #define HAVE_UNISTD_H 1
| #define HAVE_DLFCN_H 1
| #define LT_OBJDIR ".libs/"
| /* end confdefs.h.  */
| #include <ac_nonexistent.h>
configure:12268: result: g++ -E
configure:12288: g++ -E  conftest.cpp
configure:12288: $? = 0
configure:12302: g++ -E  conftest.cpp
conftest.cpp:23:28: fatal error: ac_nonexistent.h: No such file or directory
 #include <ac_nonexistent.h>
                            ^
compilation terminated.
configure:12302: $? = 1
configure: failed program was:
| /* confdefs.h */
| #define PACKAGE_NAME "wayland"
| #define PACKAGE_TARNAME "wayland"
| #define PACKAGE_VERSION "1.8.1"
| #define PACKAGE_STRING "wayland 1.8.1"
| #define PACKAGE_BUGREPORT "https://bugs.freedesktop.org/enter_bug.cgi?product=Wayland&component=wayland&version=1.8.1"
| #define PACKAGE_URL "http://wayland.freedesktop.org/"
| #define PACKAGE "wayland"
| #define VERSION "1.8.1"
| #define STDC_HEADERS 1
| #define HAVE_SYS_TYPES_H 1
| #define HAVE_SYS_STAT_H 1
| #define HAVE_STDLIB_H 1
| #define HAVE_STRING_H 1
| #define HAVE_MEMORY_H 1
| #define HAVE_STRINGS_H 1
| #define HAVE_INTTYPES_H 1
| #define HAVE_STDINT_H 1
| #define HAVE_UNISTD_H 1
| #define HAVE_DLFCN_H 1
| #define LT_OBJDIR ".libs/"
| /* end confdefs.h.  */
| #include <ac_nonexistent.h>
configure:12471: checking for ld used by g++
configure:12538: result: /usr/bin/ld -m elf_x86_64
configure:12545: checking if the linker (/usr/bin/ld -m elf_x86_64) is GNU ld
configure:12560: result: yes
configure:12615: checking whether the g++ linker (/usr/bin/ld -m elf_x86_64) supports shared libraries
configure:13617: result: yes
configure:13653: g++ -c -g -O2  conftest.cpp >&5
configure:13656: $? = 0
configure:14176: checking for g++ option to produce PIC
configure:14183: result: -fPIC -DPIC
configure:14191: checking if g++ PIC flag -fPIC -DPIC works
configure:14209: g++ -c -g -O2  -fPIC -DPIC -DPIC conftest.cpp >&5
configure:14213: $? = 0
configure:14226: result: yes
configure:14249: checking if g++ static flag -static works
configure:14277: result: yes
configure:14289: checking if g++ supports -c -o file.o
configure:14310: g++ -c -g -O2  -o out/conftest2.o conftest.cpp >&5
configure:14314: $? = 0
configure:14336: result: yes
configure:14341: checking if g++ supports -c -o file.o
configure:14388: result: yes
configure:14418: checking whether the g++ linker (/usr/bin/ld -m elf_x86_64) supports shared libraries
configure:14457: result: yes
configure:14598: checking dynamic linker characteristics
configure:15266: result: GNU/Linux ld.so
configure:15319: checking how to hardcode library paths into programs
configure:15344: result: immediate
configure:15460: checking for pkg-config
configure:15478: found /usr/bin/pkg-config
configure:15490: result: /usr/bin/pkg-config
configure:15515: checking pkg-config is at least version 0.9.0
configure:15518: result: yes
configure:15528: checking for FFI
configure:15535: $PKG_CONFIG --exists --print-errors "libffi"
configure:15538: $? = 0
configure:15552: $PKG_CONFIG --exists --print-errors "libffi"
configure:15555: $? = 0
configure:15613: result: yes
configure:15626: checking for accept4
configure:15626: gcc -o conftest -g -O2   conftest.c  >&5
configure:15626: $? = 0
configure:15626: result: yes
configure:15626: checking for mkostemp
configure:15626: gcc -o conftest -g -O2   conftest.c  >&5
configure:15626: $? = 0
configure:15626: result: yes
configure:15626: checking for posix_fallocate
configure:15626: gcc -o conftest -g -O2   conftest.c  >&5
configure:15626: $? = 0
configure:15626: result: yes
configure:15636: checking whether SFD_CLOEXEC is declared
configure:15636: gcc -c -g -O2  conftest.c >&5
configure:15636: $? = 0
configure:15636: result: yes
configure:15644: checking whether TFD_CLOEXEC is declared
configure:15644: gcc -c -g -O2  conftest.c >&5
configure:15644: $? = 0
configure:15644: result: yes
configure:15652: checking whether CLOCK_MONOTONIC is declared
configure:15652: gcc -c -g -O2  conftest.c >&5
configure:15652: $? = 0
configure:15652: result: yes
configure:15662: checking execinfo.h usability
configure:15662: gcc -c -g -O2  conftest.c >&5
configure:15662: $? = 0
configure:15662: result: yes
configure:15662: checking execinfo.h presence
configure:15662: gcc -E  conftest.c
configure:15662: $? = 0
configure:15662: result: yes
configure:15662: checking for execinfo.h
configure:15662: result: yes
configure:15711: checking for EXPAT
configure:15718: $PKG_CONFIG --exists --print-errors "expat"
configure:15721: $? = 0
configure:15735: $PKG_CONFIG --exists --print-errors "expat"
configure:15738: $? = 0
configure:15928: result: yes
configure:15936: checking for xsltproc
configure:15954: found /usr/bin/xsltproc
configure:15966: result: /usr/bin/xsltproc
configure:15983: checking for docbook manpages stylesheet
configure:16023: result: yes
configure:16346: checking that generated files are newer than configure
configure:16352: result: done
configure:16407: creating ./config.status

## ---------------------- ##
## Running config.status. ##
## ---------------------- ##

This file was extended by wayland config.status 1.8.1, which was
generated by GNU Autoconf 2.69.  Invocation command line was

  CONFIG_FILES    = 
  CONFIG_HEADERS  = 
  CONFIG_LINKS    = 
  CONFIG_COMMANDS = 
  $ ./config.status 

on zw-OptiPlex-3020

config.status:1192: creating Makefile
config.status:1192: creating cursor/wayland-cursor.pc
config.status:1192: creating cursor/wayland-cursor-uninstalled.pc
config.status:1192: creating doc/Makefile
config.status:1192: creating doc/publican/Makefile
config.status:1192: creating doc/doxygen/Makefile
config.status:1192: creating doc/man/Makefile
config.status:1192: creating src/wayland-server-uninstalled.pc
config.status:1192: creating src/wayland-client-uninstalled.pc
config.status:1192: creating src/wayland-scanner-uninstalled.pc
config.status:1192: creating src/wayland-server.pc
config.status:1192: creating src/wayland-client.pc
config.status:1192: creating src/wayland-scanner.pc
config.status:1192: creating src/wayland-version.h
config.status:1192: creating config.h
config.status:1421: executing depfiles commands
config.status:1421: executing libtool commands

## ---------------- ##
## Cache variables. ##
## ---------------- ##

ac_cv_build=x86_64-unknown-linux-gnu
ac_cv_c_compiler_gnu=yes
ac_cv_cxx_compiler_gnu=yes
ac_cv_env_CCC_set=
ac_cv_env_CCC_value=
ac_cv_env_CC_set=
ac_cv_env_CC_value=
ac_cv_env_CFLAGS_set=
ac_cv_env_CFLAGS_value=
ac_cv_env_CPPFLAGS_set=
ac_cv_env_CPPFLAGS_value=
ac_cv_env_CPP_set=
ac_cv_env_CPP_value=
ac_cv_env_CXXCPP_set=
ac_cv_env_CXXCPP_value=
ac_cv_env_CXXFLAGS_set=
ac_cv_env_CXXFLAGS_value=
ac_cv_env_CXX_set=
ac_cv_env_CXX_value=
ac_cv_env_EXPAT_CFLAGS_set=
ac_cv_env_EXPAT_CFLAGS_value=
ac_cv_env_EXPAT_LIBS_set=
ac_cv_env_EXPAT_LIBS_value=
ac_cv_env_FFI_CFLAGS_set=
ac_cv_env_FFI_CFLAGS_value=
ac_cv_env_FFI_LIBS_set=
ac_cv_env_FFI_LIBS_value=
ac_cv_env_LDFLAGS_set=
ac_cv_env_LDFLAGS_value=
ac_cv_env_LIBS_set=
ac_cv_env_LIBS_value=
ac_cv_env_PKG_CONFIG_LIBDIR_set=
ac_cv_env_PKG_CONFIG_LIBDIR_value=
ac_cv_env_PKG_CONFIG_PATH_set=
ac_cv_env_PKG_CONFIG_PATH_value=
ac_cv_env_PKG_CONFIG_set=
ac_cv_env_PKG_CONFIG_value=
ac_cv_env_build_alias_set=
ac_cv_env_build_alias_value=
ac_cv_env_host_alias_set=
ac_cv_env_host_alias_value=
ac_cv_env_target_alias_set=
ac_cv_env_target_alias_value=
ac_cv_func_accept4=yes
ac_cv_func_mkostemp=yes
ac_cv_func_posix_fallocate=yes
ac_cv_have_decl_CLOCK_MONOTONIC=yes
ac_cv_have_decl_SFD_CLOEXEC=yes
ac_cv_have_decl_TFD_CLOEXEC=yes
ac_cv_header_dlfcn_h=yes
ac_cv_header_execinfo_h=yes
ac_cv_header_inttypes_h=yes
ac_cv_header_memory_h=yes
ac_cv_header_stdc=yes
ac_cv_header_stdint_h=yes
ac_cv_header_stdlib_h=yes
ac_cv_header_string_h=yes
ac_cv_header_strings_h=yes
ac_cv_header_sys_stat_h=yes
ac_cv_header_sys_types_h=yes
ac_cv_header_unistd_h=yes
ac_cv_host=x86_64-unknown-linux-gnu
ac_cv_objext=o
ac_cv_path_EGREP='/bin/grep -E'
ac_cv_path_FGREP='/bin/grep -F'
ac_cv_path_GREP=/bin/grep
ac_cv_path_SED=/bin/sed
ac_cv_path_XSLTPROC=/usr/bin/xsltproc
ac_cv_path_ac_pt_PKG_CONFIG=/usr/bin/pkg-config
ac_cv_path_install='/usr/bin/install -c'
ac_cv_path_mkdir=/bin/mkdir
ac_cv_prog_AWK=gawk
ac_cv_prog_CPP='gcc -E'
ac_cv_prog_CXXCPP='g++ -E'
ac_cv_prog_ac_ct_AR=ar
ac_cv_prog_ac_ct_CC=gcc
ac_cv_prog_ac_ct_CXX=g++
ac_cv_prog_ac_ct_MANIFEST_TOOL=mt
ac_cv_prog_ac_ct_OBJDUMP=objdump
ac_cv_prog_ac_ct_RANLIB=ranlib
ac_cv_prog_ac_ct_STRIP=strip
ac_cv_prog_cc_c89=
ac_cv_prog_cc_g=yes
ac_cv_prog_cxx_g=yes
ac_cv_prog_make_make_set=yes
am_cv_CC_dependencies_compiler_type=gcc3
am_cv_CXX_dependencies_compiler_type=gcc3
am_cv_make_support_nested_variables=yes
am_cv_prog_cc_c_o=yes
lt_cv_ar_at_file=@
lt_cv_archive_cmds_need_lc=no
lt_cv_deplibs_check_method=pass_all
lt_cv_file_magic_cmd='$MAGIC_CMD'
lt_cv_file_magic_test_file=
lt_cv_ld_reload_flag=-r
lt_cv_nm_interface='BSD nm'
lt_cv_objdir=.libs
lt_cv_path_LD=/usr/bin/ld
lt_cv_path_LDCXX='/usr/bin/ld -m elf_x86_64'
lt_cv_path_NM='/usr/bin/nm -B'
lt_cv_path_mainfest_tool=no
lt_cv_prog_compiler_c_o=yes
lt_cv_prog_compiler_c_o_CXX=yes
lt_cv_prog_compiler_pic='-fPIC -DPIC'
lt_cv_prog_compiler_pic_CXX='-fPIC -DPIC'
lt_cv_prog_compiler_pic_works=yes
lt_cv_prog_compiler_pic_works_CXX=yes
lt_cv_prog_compiler_rtti_exceptions=no
lt_cv_prog_compiler_static_works=yes
lt_cv_prog_compiler_static_works_CXX=yes
lt_cv_prog_gnu_ld=yes
lt_cv_prog_gnu_ldcxx=yes
lt_cv_sharedlib_from_linklib_cmd='printf %s\n'
lt_cv_shlibpath_overrides_runpath=no
lt_cv_sys_global_symbol_pipe='sed -n -e '\''s/^.*[	 ]\([ABCDGIRSTW][ABCDGIRSTW]*\)[	 ][	 ]*\([_A-Za-z][_A-Za-z0-9]*\)$/\1 \2 \2/p'\'' | sed '\''/ __gnu_lto/d'\'''
lt_cv_sys_global_symbol_to_c_name_address='sed -n -e '\''s/^: \([^ ]*\)[ ]*$/  {\"\1\", (void *) 0},/p'\'' -e '\''s/^[ABCDGIRSTW]* \([^ ]*\) \([^ ]*\)$/  {"\2", (void *) \&\2},/p'\'''
lt_cv_sys_global_symbol_to_c_name_address_lib_prefix='sed -n -e '\''s/^: \([^ ]*\)[ ]*$/  {\"\1\", (void *) 0},/p'\'' -e '\''s/^[ABCDGIRSTW]* \([^ ]*\) \(lib[^ ]*\)$/  {"\2", (void *) \&\2},/p'\'' -e '\''s/^[ABCDGIRSTW]* \([^ ]*\) \([^ ]*\)$/  {"lib\2", (void *) \&\2},/p'\'''
lt_cv_sys_global_symbol_to_cdecl='sed -n -e '\''s/^T .* \(.*\)$/extern int \1();/p'\'' -e '\''s/^[ABCDGIRSTW]* .* \(.*\)$/extern char \1;/p'\'''
lt_cv_sys_max_cmd_len=1572864
lt_cv_to_host_file_cmd=func_convert_file_noop
lt_cv_to_tool_file_cmd=func_convert_file_noop
pkg_cv_EXPAT_CFLAGS=' '
pkg_cv_EXPAT_LIBS='-lexpat  '
pkg_cv_FFI_CFLAGS=' '
pkg_cv_FFI_LIBS='-lffi  '

## ----------------- ##
## Output variables. ##
## ----------------- ##

ACLOCAL='${SHELL} /home/zw/work/ubuntu/wayland-1.8.1/missing aclocal-1.14'
AMDEPBACKSLASH='\'
AMDEP_FALSE='#'
AMDEP_TRUE=''
AMTAR='$${TAR-tar}'
AM_BACKSLASH='\'
AM_DEFAULT_V='$(AM_DEFAULT_VERBOSITY)'
AM_DEFAULT_VERBOSITY='0'
AM_V='$(V)'
AR='ar'
AUTOCONF='${SHELL} /home/zw/work/ubuntu/wayland-1.8.1/missing autoconf'
AUTOHEADER='${SHELL} /home/zw/work/ubuntu/wayland-1.8.1/missing autoheader'
AUTOMAKE='${SHELL} /home/zw/work/ubuntu/wayland-1.8.1/missing automake-1.14'
AWK='gawk'
BUILD_DOCS_FALSE=''
BUILD_DOCS_TRUE='#'
CC='gcc'
CCDEPMODE='depmode=gcc3'
CFLAGS='-g -O2'
CPP='gcc -E'
CPPFLAGS=''
CXX='g++'
CXXCPP='g++ -E'
CXXDEPMODE='depmode=gcc3'
CXXFLAGS='-g -O2'
CYGPATH_W='echo'
DEFS='-DHAVE_CONFIG_H'
DEPDIR='.deps'
DLLTOOL='false'
DOT=''
DOXYGEN=''
DSYMUTIL=''
DUMPBIN=''
ECHO_C=''
ECHO_N='-n'
ECHO_T=''
EGREP='/bin/grep -E'
ENABLE_CPP_TEST_FALSE='#'
ENABLE_CPP_TEST_TRUE=''
ENABLE_SCANNER_FALSE='#'
ENABLE_SCANNER_TRUE=''
EXEEXT=''
EXPAT_CFLAGS=' '
EXPAT_LIBS='-lexpat  '
FFI_CFLAGS=' '
FFI_LIBS='-lffi  '
FGREP='/bin/grep -F'
GCC_CFLAGS='-Wall -Wextra -Wno-unused-parameter -g -Wstrict-prototypes -Wmissing-prototypes -fvisibility=hidden'
GREP='/bin/grep'
HAVE_MANPAGES_STYLESHEET_FALSE='#'
HAVE_MANPAGES_STYLESHEET_TRUE=''
HAVE_XMLTO_FALSE=''
HAVE_XMLTO_TRUE='#'
HAVE_XSLTPROC_FALSE='#'
HAVE_XSLTPROC_TRUE=''
ICONDIR='${datarootdir}/icons'
INSTALL_DATA='${INSTALL} -m 644'
INSTALL_PROGRAM='${INSTALL}'
INSTALL_SCRIPT='${INSTALL}'
INSTALL_STRIP_PROGRAM='$(install_sh) -c -s'
LD='/usr/bin/ld -m elf_x86_64'
LDFLAGS=''
LIBOBJS=''
LIBS=''
LIBTOOL='$(SHELL) $(top_builddir)/libtool'
LIPO=''
LN_S='ln -s'
LTLIBOBJS=''
MAKEINFO='${SHELL} /home/zw/work/ubuntu/wayland-1.8.1/missing makeinfo'
MANIFEST_TOOL=':'
MANPAGES_STYLESHEET='http://docbook.sourceforge.net/release/xsl/current/manpages/docbook.xsl'
MKDIR_P='/bin/mkdir -p'
NM='/usr/bin/nm -B'
NMEDIT=''
OBJDUMP='objdump'
OBJEXT='o'
OTOOL64=''
OTOOL=''
PACKAGE='wayland'
PACKAGE_BUGREPORT='https://bugs.freedesktop.org/enter_bug.cgi?product=Wayland&component=wayland&version=1.8.1'
PACKAGE_NAME='wayland'
PACKAGE_STRING='wayland 1.8.1'
PACKAGE_TARNAME='wayland'
PACKAGE_URL='http://wayland.freedesktop.org/'
PACKAGE_VERSION='1.8.1'
PATH_SEPARATOR=':'
PKG_CONFIG='/usr/bin/pkg-config'
PKG_CONFIG_LIBDIR=''
PKG_CONFIG_PATH=''
RANLIB='ranlib'
SED='/bin/sed'
SET_MAKE=''
SHELL='/bin/sh'
STRIP='strip'
VERSION='1.8.1'
WAYLAND_VERSION='1.8.1'
WAYLAND_VERSION_MAJOR='1'
WAYLAND_VERSION_MICRO='1'
WAYLAND_VERSION_MINOR='8'
XMLTO=''
XSLTPROC='/usr/bin/xsltproc'
ac_ct_AR='ar'
ac_ct_CC='gcc'
ac_ct_CXX='g++'
ac_ct_DUMPBIN=''
am__EXEEXT_FALSE=''
am__EXEEXT_TRUE='#'
am__fastdepCC_FALSE='#'
am__fastdepCC_TRUE=''
am__fastdepCXX_FALSE='#'
am__fastdepCXX_TRUE=''
am__include='include'
am__isrc=''
am__leading_dot='.'
am__nodep='_no'
am__quote=''
am__tar='$${TAR-tar} chof - "$$tardir"'
am__untar='$${TAR-tar} xf -'
bindir='${exec_prefix}/bin'
build='x86_64-unknown-linux-gnu'
build_alias=''
build_cpu='x86_64'
build_os='linux-gnu'
build_vendor='unknown'
datadir='${datarootdir}'
datarootdir='${prefix}/share'
docdir='${datarootdir}/doc/${PACKAGE_TARNAME}'
dvidir='${docdir}'
exec_prefix='${prefix}'
host='x86_64-unknown-linux-gnu'
host_alias=''
host_cpu='x86_64'
host_os='linux-gnu'
host_vendor='unknown'
htmldir='${docdir}'
includedir='${prefix}/include'
infodir='${datarootdir}/info'
install_sh='${SHELL} /home/zw/work/ubuntu/wayland-1.8.1/install-sh'
libdir='${exec_prefix}/lib'
libexecdir='${exec_prefix}/libexec'
localedir='${datarootdir}/locale'
localstatedir='${prefix}/var'
mandir='${datarootdir}/man'
mkdir_p='$(MKDIR_P)'
oldincludedir='/usr/include'
pdfdir='${docdir}'
prefix='/home/zw/work/ubuntu/local'
program_transform_name='s,x,x,'
psdir='${docdir}'
sbindir='${exec_prefix}/sbin'
sharedstatedir='${prefix}/com'
sysconfdir='${prefix}/etc'
target_alias=''

## ----------- ##
## confdefs.h. ##
## ----------- ##

/* confdefs.h */
#define PACKAGE_NAME "wayland"
#define PACKAGE_TARNAME "wayland"
#define PACKAGE_VERSION "1.8.1"
#define PACKAGE_STRING "wayland 1.8.1"
#define PACKAGE_BUGREPORT "https://bugs.freedesktop.org/enter_bug.cgi?product=Wayland&component=wayland&version=1.8.1"
#define PACKAGE_URL "http://wayland.freedesktop.org/"
#define PACKAGE "wayland"
#define VERSION "1.8.1"
#define STDC_HEADERS 1
#define HAVE_SYS_TYPES_H 1
#define HAVE_SYS_STAT_H 1
#define HAVE_STDLIB_H 1
#define HAVE_STRING_H 1
#define HAVE_MEMORY_H 1
#define HAVE_STRINGS_H 1
#define HAVE_INTTYPES_H 1
#define HAVE_STDINT_H 1
#define HAVE_UNISTD_H 1
#define HAVE_DLFCN_H 1
#define LT_OBJDIR ".libs/"
#define HAVE_ACCEPT4 1
#define HAVE_MKOSTEMP 1
#define HAVE_POSIX_FALLOCATE 1
#define HAVE_EXECINFO_H 1

configure: exit 0
